2024-04-13T12:46:57.056+05:30  INFO 15220 --- [main] c.g.L.LearnSpringBootApplication         : Starting LearnSpringBootApplication using Java 21.0.2 with PID 15220 (C:\Users\Genuine Coder\IdeaProjects\LearnSpringBoot\build\classes\java\main started by Genuine Coder in C:\Users\Genuine Coder\IdeaProjects\LearnSpringBoot)
2024-04-13T12:46:57.064+05:30  INFO 15220 --- [main] c.g.L.LearnSpringBootApplication         : The following 1 profile is active: "prod"
2024-04-13T12:46:57.700+05:30  INFO 15220 --- [main] .s.d.r.c.RepositoryConfigurationDelegate : Bootstrapping Spring Data JPA repositories in DEFAULT mode.
2024-04-13T12:46:57.747+05:30  INFO 15220 --- [main] .s.d.r.c.RepositoryConfigurationDelegate : Finished Spring Data repository scanning in 40 ms. Found 1 JPA repository interface.
2024-04-13T12:46:58.262+05:30  INFO 15220 --- [main] o.s.b.w.embedded.tomcat.TomcatWebServer  : Tomcat initialized with port 9000 (http)
2024-04-13T12:46:58.271+05:30  INFO 15220 --- [main] o.apache.catalina.core.StandardService   : Starting service [Tomcat]
2024-04-13T12:46:58.271+05:30  INFO 15220 --- [main] o.apache.catalina.core.StandardEngine    : Starting Servlet engine: [Apache Tomcat/10.1.19]
2024-04-13T12:46:58.310+05:30  INFO 15220 --- [main] o.a.c.c.C.[Tomcat].[localhost].[/]       : Initializing Spring embedded WebApplicationContext
2024-04-13T12:46:58.311+05:30  INFO 15220 --- [main] w.s.c.ServletWebServerApplicationContext : Root WebApplicationContext: initialization completed in 1215 ms
2024-04-13T12:46:58.530+05:30  INFO 15220 --- [main] o.hibernate.jpa.internal.util.LogHelper  : HHH000204: Processing PersistenceUnitInfo [name: default]
2024-04-13T12:46:58.601+05:30  INFO 15220 --- [main] org.hibernate.Version                    : HHH000412: Hibernate ORM core version 6.4.4.Final
2024-04-13T12:46:58.633+05:30  INFO 15220 --- [main] o.h.c.internal.RegionFactoryInitiator    : HHH000026: Second-level cache disabled
2024-04-13T12:46:58.850+05:30  INFO 15220 --- [main] o.s.o.j.p.SpringPersistenceUnitInfo      : No LoadTimeWeaver setup: ignoring JPA class transformer
2024-04-13T12:46:58.872+05:30  INFO 15220 --- [main] com.zaxxer.hikari.HikariDataSource       : HikariPool-1 - Starting...
2024-04-13T12:46:59.174+05:30  INFO 15220 --- [main] com.zaxxer.hikari.pool.HikariPool        : HikariPool-1 - Added connection com.mysql.cj.jdbc.ConnectionImpl@35841d6
2024-04-13T12:46:59.176+05:30  INFO 15220 --- [main] com.zaxxer.hikari.HikariDataSource       : HikariPool-1 - Start completed.
2024-04-13T12:46:59.856+05:30  INFO 15220 --- [main] o.h.e.t.j.p.i.JtaPlatformInitiator       : HHH000489: No JTA platform available (set 'hibernate.transaction.jta.platform' to enable JTA platform integration)
2024-04-13T12:46:59.892+05:30  INFO 15220 --- [main] j.LocalContainerEntityManagerFactoryBean : Initialized JPA EntityManagerFactory for persistence unit 'default'
2024-04-13T12:47:00.143+05:30  INFO 15220 --- [main] o.s.d.j.r.query.QueryEnhancerFactory     : Hibernate is in classpath; If applicable, HQL parser will be used.
2024-04-13T12:47:00.469+05:30  WARN 15220 --- [main] JpaBaseConfiguration$JpaWebConfiguration : spring.jpa.open-in-view is enabled by default. Therefore, database queries may be performed during view rendering. Explicitly configure spring.jpa.open-in-view to disable this warning
2024-04-13T12:47:00.495+05:30  INFO 15220 --- [main] o.s.b.a.w.s.WelcomePageHandlerMapping    : Adding welcome page: class path resource [static/index.html]
2024-04-13T12:47:00.961+05:30  INFO 15220 --- [main] o.s.b.a.e.web.EndpointLinksResolver      : Exposing 1 endpoint(s) beneath base path '/actuator'
2024-04-13T12:47:01.021+05:30  INFO 15220 --- [main] o.s.b.w.embedded.tomcat.TomcatWebServer  : Tomcat started on port 9000 (http) with context path ''
2024-04-13T12:47:01.030+05:30  INFO 15220 --- [main] c.g.L.LearnSpringBootApplication         : Started LearnSpringBootApplication in 4.261 seconds (process running for 4.933)
2024-04-13T12:47:01.390+05:30  INFO 15220 --- [RMI TCP Connection(3)-192.168.0.125] o.a.c.c.C.[Tomcat].[localhost].[/]       : Initializing Spring DispatcherServlet 'dispatcherServlet'
2024-04-13T12:47:01.391+05:30  INFO 15220 --- [RMI TCP Connection(3)-192.168.0.125] o.s.web.servlet.DispatcherServlet        : Initializing Servlet 'dispatcherServlet'
2024-04-13T12:47:01.392+05:30  INFO 15220 --- [RMI TCP Connection(3)-192.168.0.125] o.s.web.servlet.DispatcherServlet        : Completed initialization in 1 ms
2024-04-13T12:47:04.052+05:30  INFO 15220 --- [SpringApplicationShutdownHook] j.LocalContainerEntityManagerFactoryBean : Closing JPA EntityManagerFactory for persistence unit 'default'
2024-04-13T12:47:04.053+05:30  INFO 15220 --- [SpringApplicationShutdownHook] com.zaxxer.hikari.HikariDataSource       : HikariPool-1 - Shutdown initiated...
2024-04-13T12:47:04.059+05:30  INFO 15220 --- [SpringApplicationShutdownHook] com.zaxxer.hikari.HikariDataSource       : HikariPool-1 - Shutdown completed.
